  01 选择结构--单行if语句.cpp
  02 选择结构--多行if语句.cpp
  03 选择结构--多条件if语句.cpp
  04 选择结构--嵌套if语句.cpp
  05 选择结构案例--3只小猪称体重.cpp
  06 选择结构--三目运算符.cpp
  07 选择结构--switch语句.cpp
  08 循环结构--while语句.cpp
  09 循环结构案例--猜数字.cpp
  10 循环结构--dowhile循环语句.cpp
  11 循环结构案例--水仙花数.cpp
  12 循环结构--for循环.cpp
  13 循环结构案例--敲桌子.cpp
  14 嵌套循环.cpp
  15 嵌套循环案例--乘法口诀表.cpp
  16 跳转语句--break语句.cpp
  17 跳转语句--continue.cpp
  18 跳转语句--goto.cpp
  自制案例：斐波那契数列.cpp
  正在生成代码...
  04 程序流程结构.vcxproj -> H:\VS项目\04 程序流程结构\04 程序流程结构\x64\Debug\04 程序流程结构.exe
